<?xml version="1.0" encoding="utf-8"?><testsuites name="pytest tests"><testsuite name="pytest" errors="0" failures="0" skipped="0" tests="3" time="1.219" timestamp="2026-08-31T09:33:58.892125+00:00" hostname="agent-env-d0fb7155-248e-46d1-a631-eadd4f91d379"><testcase classname="tests.test_wind_direction_iteration13" name="test_wind_direction_present[Rajahmundry-17.0005-81.804]" time="0.335" /><testcase classname="tests.test_wind_direction_iteration13" name="test_wind_direction_present[Hyderabad-17.385-78.4867]" time="0.193" /><testcase classname="tests.test_wind_direction_iteration13" name="test_wind_direction_present[Mumbai-19.076-72.8777]" time="0.182" /></testsuite></testsuites>