<?xml version="1.0" encoding="utf-8"?><testsuites name="pytest tests"><testsuite name="pytest" errors="0" failures="0" skipped="0" tests="6" time="2.115" timestamp="2026-08-31T05:06:53.945643+00:00" hostname="agent-env-d0fb7155-248e-46d1-a631-eadd4f91d379"><testcase classname="tests.test_weather_iteration8" name="test_city_weather_shape_and_timezone[Rajahmundry-17.0005-81.804-Asia/Kolkata]" time="0.283" /><testcase classname="tests.test_weather_iteration8" name="test_city_weather_shape_and_timezone[Hyderabad-17.385-78.4867-Asia/Kolkata]" time="0.346" /><testcase classname="tests.test_weather_iteration8" name="test_city_weather_shape_and_timezone[Mumbai-19.076-72.8777-Asia/Kolkata]" time="0.149" /><testcase classname="tests.test_weather_iteration8" name="test_city_weather_shape_and_timezone[London-51.5074--0.1278-Europe/London]" time="0.173" /><testcase classname="tests.test_weather_iteration8" name="test_locations_search_returns_indian_cities" time="0.505" /><testcase classname="tests.test_weather_iteration8" name="test_weather_validation_errors" time="0.198" /></testsuite></testsuites>