<?xml version="1.0" encoding="utf-8"?><testsuites name="pytest tests"><testsuite name="pytest" errors="0" failures="0" skipped="0" tests="6" time="1.176" timestamp="2026-08-29T09:25:15.101751+00:00" hostname="agent-env-d0fb7155-248e-46d1-a631-eadd4f91d379"><testcase classname="tests.test_status_api" name="test_status_create_and_list_persisted_record" time="0.151" /><testcase classname="tests.test_weather_api" name="test_hyderabad_geocoding_returns_indian_result" time="0.253" /><testcase classname="tests.test_weather_api" name="test_rajahmundry_weather_has_live_current_hourly_and_weekly_data" time="0.106" /><testcase classname="tests.test_weather_api" name="test_clear_sky_wmo_code_maps_to_sunny" time="0.000" /><testcase classname="tests.test_weather_api" name="test_location_search_rejects_too_short_queries[]" time="0.071" /><testcase classname="tests.test_weather_api" name="test_location_search_rejects_too_short_queries[x]" time="0.067" /></testsuite></testsuites>