<?xml version="1.0" encoding="utf-8"?><testsuites name="pytest tests"><testsuite name="pytest" errors="0" failures="0" skipped="0" tests="11" time="2.407" timestamp="2026-08-31T04:40:49.005402+00:00" hostname="agent-env-d0fb7155-248e-46d1-a631-eadd4f91d379"><testcase classname="tests.test_weather_api" name="test_hyderabad_geocoding_returns_indian_result" time="0.355" /><testcase classname="tests.test_weather_iteration8" name="test_city_weather_shape_and_timezone[Rajahmundry-17.0005-81.804-Asia/Kolkata]" time="0.532" /><testcase classname="tests.test_weather_api" name="test_rajahmundry_weather_has_live_current_hourly_and_weekly_data" time="0.179" /><testcase classname="tests.test_weather_iteration8" name="test_city_weather_shape_and_timezone[Hyderabad-17.385-78.4867-Asia/Kolkata]" time="0.274" /><testcase classname="tests.test_weather_api" name="test_clear_sky_wmo_code_maps_to_sunny" time="0.000" /><testcase classname="tests.test_weather_api" name="test_location_search_rejects_too_short_queries[]" time="0.179" /><testcase classname="tests.test_weather_api" name="test_location_search_rejects_too_short_queries[x]" time="0.082" /><testcase classname="tests.test_weather_iteration8" name="test_city_weather_shape_and_timezone[Mumbai-19.076-72.8777-Asia/Kolkata]" time="0.177" /><testcase classname="tests.test_weather_iteration8" name="test_city_weather_shape_and_timezone[London-51.5074--0.1278-Europe/London]" time="0.183" /><testcase classname="tests.test_weather_iteration8" name="test_locations_search_returns_indian_cities" time="0.500" /><testcase classname="tests.test_weather_iteration8" name="test_weather_validation_errors" time="0.152" /></testsuite></testsuites>